cl : wiersz polecenia warning D9035: Opcja "Gm" jest przestarzała i będzie usunięta w przyszłych wydaniach
  main.cpp
D:\studia\współpraca w cyberprzestrzeni\objects.h(6,21): warning C4091: "extern ": zignorowano na lewo od "Terrain" podczas gdy brak deklaracji zmiennej
D:\studia\współpraca w cyberprzestrzeni\main.cpp(25,11): warning C4996: 'fopen': This function or variable may be unsafe. Consider using fopen_s instead. To disable deprecation, use _CRT_SECURE_NO_WARNINGS. See online help for details.
D:\studia\współpraca w cyberprzestrzeni\main.cpp(216,53): warning C4244: "+=": konwersja z "float" do "long", możliwa utrata danych
D:\studia\współpraca w cyberprzestrzeni\main.cpp(233,5): warning C4996: 'sprintf': This function or variable may be unsafe. Consider using sprintf_s instead. To disable deprecation, use _CRT_SECURE_NO_WARNINGS. See online help for details.
D:\studia\współpraca w cyberprzestrzeni\main.cpp(260,5): warning C4996: 'sprintf': This function or variable may be unsafe. Consider using sprintf_s instead. To disable deprecation, use _CRT_SECURE_NO_WARNINGS. See online help for details.
D:\studia\współpraca w cyberprzestrzeni\main.cpp(278,5): warning C4996: 'sprintf': This function or variable may be unsafe. Consider using sprintf_s instead. To disable deprecation, use _CRT_SECURE_NO_WARNINGS. See online help for details.
D:\studia\współpraca w cyberprzestrzeni\main.cpp(299,5): warning C4996: 'sprintf': This function or variable may be unsafe. Consider using sprintf_s instead. To disable deprecation, use _CRT_SECURE_NO_WARNINGS. See online help for details.
D:\studia\współpraca w cyberprzestrzeni\main.cpp(374,28): warning C4244: "=": konwersja z "double" do "float", możliwa utrata danych
D:\studia\współpraca w cyberprzestrzeni\main.cpp(440,51): warning C4244: "-=": konwersja z "float" do "long", możliwa utrata danych
D:\studia\współpraca w cyberprzestrzeni\main.cpp(376,3): warning C4996: 'sprintf': This function or variable may be unsafe. Consider using sprintf_s instead. To disable deprecation, use _CRT_SECURE_NO_WARNINGS. See online help for details.
D:\studia\współpraca w cyberprzestrzeni\main.cpp(379,42): warning C4996: 'sprintf': This function or variable may be unsafe. Consider using sprintf_s instead. To disable deprecation, use _CRT_SECURE_NO_WARNINGS. See online help for details.
D:\studia\współpraca w cyberprzestrzeni\main.cpp(399,3): warning C4996: 'sprintf': This function or variable may be unsafe. Consider using sprintf_s instead. To disable deprecation, use _CRT_SECURE_NO_WARNINGS. See online help for details.
D:\studia\współpraca w cyberprzestrzeni\main.cpp(426,3): warning C4996: 'sprintf': This function or variable may be unsafe. Consider using sprintf_s instead. To disable deprecation, use _CRT_SECURE_NO_WARNINGS. See online help for details.
D:\studia\współpraca w cyberprzestrzeni\main.cpp(455,6): warning C4996: 'sprintf': This function or variable may be unsafe. Consider using sprintf_s instead. To disable deprecation, use _CRT_SECURE_NO_WARNINGS. See online help for details.
D:\studia\współpraca w cyberprzestrzeni\main.cpp(478,6): warning C4996: 'sprintf': This function or variable may be unsafe. Consider using sprintf_s instead. To disable deprecation, use _CRT_SECURE_NO_WARNINGS. See online help for details.
D:\studia\współpraca w cyberprzestrzeni\main.cpp(486,4): warning C4996: 'sprintf': This function or variable may be unsafe. Consider using sprintf_s instead. To disable deprecation, use _CRT_SECURE_NO_WARNINGS. See online help for details.
D:\studia\współpraca w cyberprzestrzeni\main.cpp(370,8): warning C4101: "text": lokalna zmienna, do której nie istnieje odwołanie
D:\studia\współpraca w cyberprzestrzeni\main.cpp(398,8): warning C4101: "text": lokalna zmienna, do której nie istnieje odwołanie
D:\studia\współpraca w cyberprzestrzeni\main.cpp(531,44): warning C4244: "=": konwersja z "long" do "float", możliwa utrata danych
D:\studia\współpraca w cyberprzestrzeni\main.cpp(532,50): warning C4244: "-=": konwersja z "float" do "long", możliwa utrata danych
D:\studia\współpraca w cyberprzestrzeni\main.cpp(533,3): warning C4996: 'sprintf': This function or variable may be unsafe. Consider using sprintf_s instead. To disable deprecation, use _CRT_SECURE_NO_WARNINGS. See online help for details.
D:\studia\współpraca w cyberprzestrzeni\main.cpp(540,3): warning C4996: 'sprintf': This function or variable may be unsafe. Consider using sprintf_s instead. To disable deprecation, use _CRT_SECURE_NO_WARNINGS. See online help for details.
D:\studia\współpraca w cyberprzestrzeni\main.cpp(781,61): warning C4244: "=": konwersja z "double" do "float", możliwa utrata danych
D:\studia\współpraca w cyberprzestrzeni\main.cpp(790,57): warning C4305: "/=": obcięcie z "double" do "float"
D:\studia\współpraca w cyberprzestrzeni\main.cpp(794,55): warning C4305: "*=": obcięcie z "double" do "float"
D:\studia\współpraca w cyberprzestrzeni\main.cpp(1176,56): warning C4305: "/=": obcięcie z "double" do "float"
D:\studia\współpraca w cyberprzestrzeni\main.cpp(1183,55): warning C4305: "*=": obcięcie z "double" do "float"
D:\studia\współpraca w cyberprzestrzeni\main.cpp(1198,40): warning C4305: "+=": obcięcie z "double" do "float"
D:\studia\współpraca w cyberprzestrzeni\main.cpp(1203,40): warning C4305: "-=": obcięcie z "double" do "float"
D:\studia\współpraca w cyberprzestrzeni\main.cpp(1213,24): warning C4305: "/=": obcięcie z "double" do "float"
D:\studia\współpraca w cyberprzestrzeni\main.cpp(1221,24): warning C4305: "*=": obcięcie z "double" do "float"
D:\studia\współpraca w cyberprzestrzeni\main.cpp(737,7): warning C4996: 'sprintf': This function or variable may be unsafe. Consider using sprintf_s instead. To disable deprecation, use _CRT_SECURE_NO_WARNINGS. See online help for details.
D:\studia\współpraca w cyberprzestrzeni\main.cpp(849,7): warning C4996: 'sprintf': This function or variable may be unsafe. Consider using sprintf_s instead. To disable deprecation, use _CRT_SECURE_NO_WARNINGS. See online help for details.
D:\studia\współpraca w cyberprzestrzeni\main.cpp(857,7): warning C4996: 'sprintf': This function or variable may be unsafe. Consider using sprintf_s instead. To disable deprecation, use _CRT_SECURE_NO_WARNINGS. See online help for details.
D:\studia\współpraca w cyberprzestrzeni\main.cpp(862,6): warning C4996: 'sprintf': This function or variable may be unsafe. Consider using sprintf_s instead. To disable deprecation, use _CRT_SECURE_NO_WARNINGS. See online help for details.
D:\studia\współpraca w cyberprzestrzeni\main.cpp(867,5): warning C4996: 'sprintf': This function or variable may be unsafe. Consider using sprintf_s instead. To disable deprecation, use _CRT_SECURE_NO_WARNINGS. See online help for details.
D:\studia\współpraca w cyberprzestrzeni\main.cpp(892,6): warning C4996: 'sprintf': This function or variable may be unsafe. Consider using sprintf_s instead. To disable deprecation, use _CRT_SECURE_NO_WARNINGS. See online help for details.
D:\studia\współpraca w cyberprzestrzeni\main.cpp(902,6): warning C4996: 'sprintf': This function or variable may be unsafe. Consider using sprintf_s instead. To disable deprecation, use _CRT_SECURE_NO_WARNINGS. See online help for details.
D:\studia\współpraca w cyberprzestrzeni\main.cpp(907,5): warning C4996: 'sprintf': This function or variable may be unsafe. Consider using sprintf_s instead. To disable deprecation, use _CRT_SECURE_NO_WARNINGS. See online help for details.
D:\studia\współpraca w cyberprzestrzeni\main.cpp(930,6): warning C4996: 'sprintf': This function or variable may be unsafe. Consider using sprintf_s instead. To disable deprecation, use _CRT_SECURE_NO_WARNINGS. See online help for details.
D:\studia\współpraca w cyberprzestrzeni\main.cpp(934,6): warning C4996: 'sprintf': This function or variable may be unsafe. Consider using sprintf_s instead. To disable deprecation, use _CRT_SECURE_NO_WARNINGS. See online help for details.
D:\studia\współpraca w cyberprzestrzeni\main.cpp(941,5): warning C4996: 'sprintf': This function or variable may be unsafe. Consider using sprintf_s instead. To disable deprecation, use _CRT_SECURE_NO_WARNINGS. See online help for details.
D:\studia\współpraca w cyberprzestrzeni\main.cpp(954,5): warning C4996: 'sprintf': This function or variable may be unsafe. Consider using sprintf_s instead. To disable deprecation, use _CRT_SECURE_NO_WARNINGS. See online help for details.
D:\studia\współpraca w cyberprzestrzeni\main.cpp(960,18): warning C4996: 'sprintf': This function or variable may be unsafe. Consider using sprintf_s instead. To disable deprecation, use _CRT_SECURE_NO_WARNINGS. See online help for details.
D:\studia\współpraca w cyberprzestrzeni\main.cpp(965,5): warning C4996: 'sprintf': This function or variable may be unsafe. Consider using sprintf_s instead. To disable deprecation, use _CRT_SECURE_NO_WARNINGS. See online help for details.
D:\studia\współpraca w cyberprzestrzeni\main.cpp(981,7): warning C4996: 'sprintf': This function or variable may be unsafe. Consider using sprintf_s instead. To disable deprecation, use _CRT_SECURE_NO_WARNINGS. See online help for details.
D:\studia\współpraca w cyberprzestrzeni\main.cpp(985,7): warning C4996: 'sprintf': This function or variable may be unsafe. Consider using sprintf_s instead. To disable deprecation, use _CRT_SECURE_NO_WARNINGS. See online help for details.
D:\studia\współpraca w cyberprzestrzeni\main.cpp(1003,7): warning C4996: 'sprintf': This function or variable may be unsafe. Consider using sprintf_s instead. To disable deprecation, use _CRT_SECURE_NO_WARNINGS. See online help for details.
D:\studia\współpraca w cyberprzestrzeni\main.cpp(1007,7): warning C4996: 'sprintf': This function or variable may be unsafe. Consider using sprintf_s instead. To disable deprecation, use _CRT_SECURE_NO_WARNINGS. See online help for details.
D:\studia\współpraca w cyberprzestrzeni\main.cpp(1028,7): warning C4996: 'sprintf': This function or variable may be unsafe. Consider using sprintf_s instead. To disable deprecation, use _CRT_SECURE_NO_WARNINGS. See online help for details.
D:\studia\współpraca w cyberprzestrzeni\main.cpp(1033,7): warning C4996: 'sprintf': This function or variable may be unsafe. Consider using sprintf_s instead. To disable deprecation, use _CRT_SECURE_NO_WARNINGS. See online help for details.
D:\studia\współpraca w cyberprzestrzeni\main.cpp(1065,8): warning C4996: 'sprintf': This function or variable may be unsafe. Consider using sprintf_s instead. To disable deprecation, use _CRT_SECURE_NO_WARNINGS. See online help for details.
D:\studia\współpraca w cyberprzestrzeni\main.cpp(1072,8): warning C4996: 'sprintf': This function or variable may be unsafe. Consider using sprintf_s instead. To disable deprecation, use _CRT_SECURE_NO_WARNINGS. See online help for details.
D:\studia\współpraca w cyberprzestrzeni\main.cpp(1081,7): warning C4996: 'sprintf': This function or variable may be unsafe. Consider using sprintf_s instead. To disable deprecation, use _CRT_SECURE_NO_WARNINGS. See online help for details.
D:\studia\współpraca w cyberprzestrzeni\main.cpp(1098,17): warning C4996: 'sprintf': This function or variable may be unsafe. Consider using sprintf_s instead. To disable deprecation, use _CRT_SECURE_NO_WARNINGS. See online help for details.
D:\studia\współpraca w cyberprzestrzeni\main.cpp(1262,4): warning C4996: 'sprintf': This function or variable may be unsafe. Consider using sprintf_s instead. To disable deprecation, use _CRT_SECURE_NO_WARNINGS. See online help for details.
D:\studia\współpraca w cyberprzestrzeni\main.cpp(1373,4): warning C4996: 'strcpy': This function or variable may be unsafe. Consider using strcpy_s instead. To disable deprecation, use _CRT_SECURE_NO_WARNINGS. See online help for details.
D:\studia\współpraca w cyberprzestrzeni\main.cpp(1374,4): warning C4996: 'strcat': This function or variable may be unsafe. Consider using strcat_s instead. To disable deprecation, use _CRT_SECURE_NO_WARNINGS. See online help for details.
D:\studia\współpraca w cyberprzestrzeni\main.cpp(1375,4): warning C4996: 'strcat': This function or variable may be unsafe. Consider using strcat_s instead. To disable deprecation, use _CRT_SECURE_NO_WARNINGS. See online help for details.
D:\studia\współpraca w cyberprzestrzeni\main.cpp(1379,5): warning C4996: 'strcpy': This function or variable may be unsafe. Consider using strcpy_s instead. To disable deprecation, use _CRT_SECURE_NO_WARNINGS. See online help for details.
D:\studia\współpraca w cyberprzestrzeni\main.cpp(1380,5): warning C4996: 'strcat': This function or variable may be unsafe. Consider using strcat_s instead. To disable deprecation, use _CRT_SECURE_NO_WARNINGS. See online help for details.
D:\studia\współpraca w cyberprzestrzeni\main.cpp(1381,5): warning C4996: 'strcat': This function or variable may be unsafe. Consider using strcat_s instead. To disable deprecation, use _CRT_SECURE_NO_WARNINGS. See online help for details.
D:\studia\współpraca w cyberprzestrzeni\main.cpp(1387,6): warning C4996: 'strcat': This function or variable may be unsafe. Consider using strcat_s instead. To disable deprecation, use _CRT_SECURE_NO_WARNINGS. See online help for details.
  wzr_vis.vcxproj -> D:\studia\współpraca w cyberprzestrzeni\Debug\wzr_vis.exe
